{"logTime": "0521/051400", "correlationVector":"v78dVsb+y0LDahWk7oRUSs.1","action":"SyncServerConnectionManagerRequest", "result":"SYNC_SERVER_OK", "context":{"environment":"Prod_southeastasia_prod-s01-064-apac-southeastasia", "migrationStage":"NotStarted", "server":"akswtt00000000u"}}
{"logTime": "0521/051400", "correlationVector":"v78dVsb+y0LDahWk7oRUSs.2","action":"ProcessGetUpdates", "result":"Done", "context":{"dataType":"Encryption Keys", "deleted":"0", "process_failed_to_decrypt":"0", "process_pending_decryption":"0", "process_success":"1", "total":"1"}}
{"logTime": "0521/051401", "correlationVector":"wPqMZKKdd6pyJomw8PtShr","action":"SyncServerConnectionManagerRequest", "result":"SYNC_SERVER_OK", "context":{"environment":"", "migrationStage":"", "server":""}}
{"logTime": "0521/051401", "correlationVector":"wPqMZKKdd6pyJomw8PtShr.0","action":"EncryptionKeysFetcher.DownloadKeys:", "result":"Success", "context":Key count: 4, Last key timestamp: 2026-03-21T05:55:02Z}
{"logTime": "0521/051401", "correlationVector":"wPqMZKKdd6pyJomw8PtShr.1","action":"EncryptionKeysManager::SetEncryptionKeys:", "result":"Success", "context":Key names[4]:[IXXaU21Oc2LStZzOxDHO1tPyKKyDhBuDRQdzGpgztxzgakU8Ggip1smwXvOWcY3UDgVA3maeBnzu3j6xW/Apkg==][Zd3URk7kCAAbmBNdUPI7aesK0vxjZJfyZgToZoDdLWh76qEv3v0wJwzmdzwMGuCPRXDRR3GKmnw7rcbpIJtOnA==][5uDPsTivVXx6huMPrSo+Sr3SBEZB/fYIiUJAaHzSpw3lkxTA7q0MVrMo/WRaF9G08N1p/SUcMSb0z7XQiUgweg==][VygKFSjkpCEZ1TvcQbtpIVzGNaypHLp47pMd/vlON74tOI5sXkTH8ji+LjODODDFkiO5WGeF5eDTADX69rRIWA==]}
{"logTime": "0521/051401", "correlationVector":"wPqMZKKdd6pyJomw8PtShr.2","action":"EncryptionKeysManager::SetEncryptionKeysWithTimestamps:", "result":"Success", "context":Key timestamps[4]:[2023-10-26T14:01:15Z][2025-02-05T02:49:43Z][2025-08-22T01:56:31Z][2026-03-21T05:55:02Z]}
{"logTime": "0521/051401", "correlationVector":"v78dVsb+y0LDahWk7oRUSs","action":"Initial GetUpdates", "result":"", "context":Reason: NEW_CLIENT. cV=v78dVsb+y0LDahWk7oRUSs}
{"logTime": "0521/051401", "correlationVector":"v78dVsb+y0LDahWk7oRUSs.3","action":"GetUpdates Response", "result":"Success", "context":Received 1 update(s). cV=v78dVsb+y0LDahWk7oRUSs.0;server=akswtt00000000u;cloudType=Consumer;environment=Prod_southeastasia_prod-s01-064-apac-southeastasia;migrationStage=NotStarted}
{"logTime": "0521/051401", "correlationVector":"XXZGqjxPTGUooh+yOHOGZ3","action":"Initial GetUpdates", "result":"", "context":Reason: NEWLY_SUPPORTED_DATATYPE. cV=XXZGqjxPTGUooh+yOHOGZ3}
{"logTime": "0521/051401", "correlationVector":"XXZGqjxPTGUooh+yOHOGZ3.1","action":"SyncServerConnectionManagerRequest", "result":"SYNC_SERVER_OK", "context":{"environment":"Prod_southeastasia_prod-s01-064-apac-southeastasia", "migrationStage":"NotStarted", "server":"akswtt00000001v"}}
{"logTime": "0521/051401", "correlationVector":"XXZGqjxPTGUooh+yOHOGZ3.2","action":"ProcessGetUpdates", "result":"Done", "context":{"dataType":"Preferences", "deleted":"0", "process_failed_to_decrypt":"0", "process_pending_decryption":"0", "process_success":"58", "total":"58"}}
{"logTime": "0521/051401", "correlationVector":"XXZGqjxPTGUooh+yOHOGZ3.3","action":"ProcessGetUpdates", "result":"Done", "context":{"dataType":"Passwords", "deleted":"0", "process_failed_to_decrypt":"0", "process_pending_decryption":"0", "process_success":"3", "total":"3"}}
{"logTime": "0521/051401", "correlationVector":"XXZGqjxPTGUooh+yOHOGZ3.4","action":"ProcessGetUpdates", "result":"Done", "context":{"dataType":"Device Info", "deleted":"0", "process_failed_to_decrypt":"0", "process_pending_decryption":"0", "process_success":"6", "total":"6"}}
{"logTime": "0521/051401", "correlationVector":"XXZGqjxPTGUooh+yOHOGZ3.5","action":"GetUpdates Response", "result":"Success", "context":Received 67 update(s). cV=XXZGqjxPTGUooh+yOHOGZ3.0;server=akswtt00000001v;cloudType=Consumer;environment=Prod_southeastasia_prod-s01-064-apac-southeastasia;migrationStage=NotStarted}
{"logTime": "0521/051401", "correlationVector":"V7wFaMW4UU1lERVRZGBHPA","action":"Initial GetUpdates", "result":"", "context":Reason: NEWLY_SUPPORTED_DATATYPE. cV=V7wFaMW4UU1lERVRZGBHPA}
{"logTime": "0521/051401", "correlationVector":"V7wFaMW4UU1lERVRZGBHPA.1","action":"SyncServerConnectionManagerRequest", "result":"SYNC_SERVER_OK", "context":{"environment":"Prod_southeastasia_prod-s01-064-apac-southeastasia", "migrationStage":"NotStarted", "server":"akswtt00000000b"}}
{"logTime": "0521/051401", "correlationVector":"V7wFaMW4UU1lERVRZGBHPA.2","action":"ProcessGetUpdates", "result":"Done", "context":{"dataType":"Bookmarks", "deleted":"0", "process_failed_to_decrypt":"0", "process_pending_decryption":"0", "process_success":"6", "total":"6"}}
{"logTime": "0521/051401", "correlationVector":"V7wFaMW4UU1lERVRZGBHPA.3","action":"GetUpdates Response", "result":"Success", "context":Received 6 update(s). cV=V7wFaMW4UU1lERVRZGBHPA.0;server=akswtt00000000b;cloudType=Consumer;environment=Prod_southeastasia_prod-s01-064-apac-southeastasia;migrationStage=NotStarted}
{"logTime": "0521/051401", "correlationVector":"Ll38FMMB8tm0kL9EQ5bDgt","action":"Initial GetUpdates", "result":"", "context":Reason: NEWLY_SUPPORTED_DATATYPE. cV=Ll38FMMB8tm0kL9EQ5bDgt}
{"logTime": "0521/051402", "correlationVector":"Ll38FMMB8tm0kL9EQ5bDgt.1","action":"SyncServerConnectionManagerRequest", "result":"SYNC_SERVER_OK", "context":{"environment":"Prod_southeastasia_prod-s01-064-apac-southeastasia", "migrationStage":"NotStarted", "server":"akswtt00000000r"}}
{"logTime": "0521/051402", "correlationVector":"Ll38FMMB8tm0kL9EQ5bDgt.2","action":"ProcessGetUpdates", "result":"Done", "context":{"dataType":"Autofill Profiles", "deleted":"0", "process_failed_to_decrypt":"0", "process_pending_decryption":"0", "process_success":"1", "total":"1"}}
{"logTime": "0521/051402", "correlationVector":"Ll38FMMB8tm0kL9EQ5bDgt.3","action":"ProcessGetUpdates", "result":"Done", "context":{"dataType":"Autofill", "deleted":"0", "process_failed_to_decrypt":"0", "process_pending_decryption":"0", "process_success":"2", "total":"2"}}
{"logTime": "0521/051402", "correlationVector":"Ll38FMMB8tm0kL9EQ5bDgt.4","action":"ProcessGetUpdates", "result":"Done", "context":{"dataType":"Sessions", "deleted":"6", "process_failed_to_decrypt":"0", "process_pending_decryption":"0", "process_success":"17", "total":"17"}}
{"logTime": "0521/051402", "correlationVector":"Ll38FMMB8tm0kL9EQ5bDgt.5","action":"GetUpdates Response", "result":"Success", "context":Received 20 update(s). cV=Ll38FMMB8tm0kL9EQ5bDgt.0;server=akswtt00000000r;cloudType=Consumer;environment=Prod_southeastasia_prod-s01-064-apac-southeastasia;migrationStage=NotStarted}
{"logTime": "0521/051402", "correlationVector":"Fr1j6uTu+Hy1WR/XDy4tK0","action":"Initial GetUpdates", "result":"", "context":Reason: NEWLY_SUPPORTED_DATATYPE. cV=Fr1j6uTu+Hy1WR/XDy4tK0}
{"logTime": "0521/051402", "correlationVector":"Fr1j6uTu+Hy1WR/XDy4tK0.1","action":"SyncServerConnectionManagerRequest", "result":"SYNC_SERVER_OK", "context":{"environment":"Prod_southeastasia_prod-s01-064-apac-southeastasia", "migrationStage":"NotStarted", "server":"akswtt00000000d"}}
{"logTime": "0521/051402", "correlationVector":"Fr1j6uTu+Hy1WR/XDy4tK0.2","action":"ProcessGetUpdates", "result":"Done", "context":{"dataType":"History", "deleted":"0", "process_failed_to_decrypt":"0", "process_pending_decryption":"0", "process_success":"29", "total":"29"}}
{"logTime": "0521/051402", "correlationVector":"Fr1j6uTu+Hy1WR/XDy4tK0.3","action":"GetUpdates Response", "result":"Success", "context":Received 29 update(s). cV=Fr1j6uTu+Hy1WR/XDy4tK0.0;server=akswtt00000000d;cloudType=Consumer;environment=Prod_southeastasia_prod-s01-064-apac-southeastasia;migrationStage=NotStarted}
{"logTime": "0521/051402", "correlationVector":"I4Jn1KsW1erwZpWzjs/8FZ","action":"Normal GetUpdate request", "result":"", "context":cV=I4Jn1KsW1erwZpWzjs/8FZ
Nudged types: Sessions, Device Info, User Consents
Refresh requested types: Bookmarks, Preferences, Passwords, Autofill Profiles, Autofill, Extensions, Sessions, Extension settings, History Delete Directives, Device Info, User Consents, Send Tab To Self, Web Apps, History, Saved Tab Group, WebAuthn Credentials, Collection, Edge E Drop, Edge Hub App Usage, Edge Wallet, Edge Workspace, Encryption Keys}
{"logTime": "0521/051402", "correlationVector":"I4Jn1KsW1erwZpWzjs/8FZ.1","action":"SyncServerConnectionManagerRequest", "result":"SYNC_SERVER_OK", "context":{"environment":"Prod_southeastasia_prod-s01-064-apac-southeastasia", "migrationStage":"NotStarted", "server":"akswtt00000001s"}}
{"logTime": "0521/051402", "correlationVector":"I4Jn1KsW1erwZpWzjs/8FZ.2","action":"GetUpdates Response", "result":"Success", "context":Received 0 update(s). cV=I4Jn1KsW1erwZpWzjs/8FZ.0;server=akswtt00000001s;cloudType=Consumer;environment=Prod_southeastasia_prod-s01-064-apac-southeastasia;migrationStage=NotStarted}
{"logTime": "0521/051402", "correlationVector":"zT1boFtcky11aQBAZ8QFhC","action":"DoCompareDataConsistency requsted types: ", "result":"Bookmarks, Preferences, Passwords, Extensions, Extension settings, History Delete Directives, Send Tab To Self, Web Apps, History, Saved Tab Group, WebAuthn Credentials, Collection, Edge E Drop, Edge Wallet, Edge Workspace, Encryption Keys"}
{"logTime": "0521/051402", "correlationVector":"zT1boFtcky11aQBAZ8QFhC.0","action":"CompareDataConsistency result: ", "result":"Compare result: Encryption Keys is consistent. local entities count is: 1 local entities hash is: 9p6X1k9me6mUejvV5owqNUKNCLo="}
{"logTime": "0521/051402", "correlationVector":"zT1boFtcky11aQBAZ8QFhC.1","action":"CompareDataConsistency result: ", "result":"Compare result: Bookmarks is consistent. local entities count is: 0 local entities hash is: "}
{"logTime": "0521/051402", "correlationVector":"zT1boFtcky11aQBAZ8QFhC.2","action":"CompareDataConsistency result: ", "result":"Compare result: Preferences is consistent. local entities count is: 58 local entities hash is: 2qj38Ro6FchG8MZDzfxKZ4jTSM0="}
{"logTime": "0521/051402", "correlationVector":"zT1boFtcky11aQBAZ8QFhC.3","action":"CompareDataConsistency result: ", "result":"Compare result: Extensions is consistent. local entities count is: 0 local entities hash is: "}
{"logTime": "0521/051402", "correlationVector":"zT1boFtcky11aQBAZ8QFhC.4","action":"CompareDataConsistency result: ", "result":"Compare result: Extension settings is consistent. local entities count is: 0 local entities hash is: "}
{"logTime": "0521/051402", "correlationVector":"zT1boFtcky11aQBAZ8QFhC.5","action":"CompareDataConsistency result: ", "result":"Compare result: History Delete Directives is consistent. local entities count is: 0 local entities hash is: "}
{"logTime": "0521/051402", "correlationVector":"zT1boFtcky11aQBAZ8QFhC.6","action":"CompareDataConsistency result: ", "result":"Server did not send this Send Tab To Self local entities count is: 0 local entities hash is: "}
{"logTime": "0521/051402", "correlationVector":"zT1boFtcky11aQBAZ8QFhC.7","action":"CompareDataConsistency result: ", "result":"Compare result: Web Apps is consistent. local entities count is: 0 local entities hash is: "}
{"logTime": "0521/051402", "correlationVector":"zT1boFtcky11aQBAZ8QFhC.8","action":"CompareDataConsistency result: ", "result":"Server did not send this History local entities count is: 0 local entities hash is: "}
{"logTime": "0521/051402", "correlationVector":"zT1boFtcky11aQBAZ8QFhC.9","action":"CompareDataConsistency result: ", "result":"Compare result: Saved Tab Group is consistent. local entities count is: 0 local entities hash is: "}
{"logTime": "0521/051402", "correlationVector":"zT1boFtcky11aQBAZ8QFhC.10","action":"CompareDataConsistency result: ", "result":"Server did not send this WebAuthn Credentials local entities count is: 0 local entities hash is: "}
{"logTime": "0521/051402", "correlationVector":"zT1boFtcky11aQBAZ8QFhC.11","action":"CompareDataConsistency result: ", "result":"Compare result: Collection is consistent. local entities count is: 0 local entities hash is: "}
{"logTime": "0521/051402", "correlationVector":"zT1boFtcky11aQBAZ8QFhC.12","action":"CompareDataConsistency result: ", "result":"Compare result: Edge E Drop is consistent. local entities count is: 0 local entities hash is: "}
{"logTime": "0521/051402", "correlationVector":"zT1boFtcky11aQBAZ8QFhC.13","action":"CompareDataConsistency result: ", "result":"Compare result: Edge Wallet is consistent. local entities count is: 0 local entities hash is: "}
{"logTime": "0521/051402", "correlationVector":"zT1boFtcky11aQBAZ8QFhC.14","action":"CompareDataConsistency result: ", "result":"Server did not send this Edge Workspace local entities count is: 0 local entities hash is: "}
{"logTime": "0521/051402", "correlationVector":"zT1boFtcky11aQBAZ8QFhC.15","action":"CompareDataConsistency result: ", "result":"Compare result: Passwords is consistent. local entities count is: 3 local entities hash is: Qi4luaCnYfJ7ltQaUTPmhCvuw4g="}
{"logTime": "0521/051402", "correlationVector":"Q5eoV7pN2oPOs583yrJ3B9","action":"Commit Request", "result":"", "context":Item count: 4
Contributing types: Sessions, Device Info, User Consents}
{"logTime": "0521/051403", "correlationVector":"Q5eoV7pN2oPOs583yrJ3B9.1","action":"SyncServerConnectionManagerRequest", "result":"SYNC_SERVER_OK", "context":{"environment":"Prod_southeastasia_prod-s01-065-apac-southeastasia", "migrationStage":"NotStarted", "server":"akswtt000000024"}}
{"logTime": "0521/051403", "correlationVector":"Q5eoV7pN2oPOs583yrJ3B9.2","action":"Commit Response", "result":"Success", "context":Result: Success. cV=Q5eoV7pN2oPOs583yrJ3B9.0;server=akswtt000000024;cloudType=Consumer;environment=Prod_southeastasia_prod-s01-065-apac-southeastasia;migrationStage=NotStarted}
{"logTime": "0521/051403", "correlationVector":"","action":"DIAGNOSTIC_REQUEST|v1/diagnosticData/Diagnostic.SendCheckResult()|SUCCESS", "result":""}
{"logTime": "0521/051403", "correlationVector":"dJIMUmBGy9ujWvEmq/MmZi","action":"Commit Request", "result":"", "context":Item count: 2
Contributing types: Sessions, History}
{"logTime": "0521/051404", "correlationVector":"dJIMUmBGy9ujWvEmq/MmZi.1","action":"SyncServerConnectionManagerRequest", "result":"SYNC_SERVER_OK", "context":{"environment":"Prod_southeastasia_prod-s01-065-apac-southeastasia", "migrationStage":"NotStarted", "server":"akswtt00000001v"}}
{"logTime": "0521/051404", "correlationVector":"dJIMUmBGy9ujWvEmq/MmZi.2","action":"Commit Response", "result":"Success", "context":Result: Success. cV=dJIMUmBGy9ujWvEmq/MmZi.0;server=akswtt00000001v;cloudType=Consumer;environment=Prod_southeastasia_prod-s01-065-apac-southeastasia;migrationStage=NotStarted}
{"logTime": "0521/051404", "correlationVector":"i7IVvU4qRaz6ZG0xCbwA6+","action":"Commit Request", "result":"", "context":Item count: 4
Contributing types: Preferences, Passwords}
{"logTime": "0521/051405", "correlationVector":"i7IVvU4qRaz6ZG0xCbwA6+.1","action":"SyncServerConnectionManagerRequest", "result":"SYNC_SERVER_OK", "context":{"environment":"Prod_southeastasia_prod-s01-065-apac-southeastasia", "migrationStage":"NotStarted", "server":"akswtt000000003"}}
{"logTime": "0521/051405", "correlationVector":"i7IVvU4qRaz6ZG0xCbwA6+.2","action":"Commit Response", "result":"Success", "context":Result: Success. cV=i7IVvU4qRaz6ZG0xCbwA6+.0;server=akswtt000000003;cloudType=Consumer;environment=Prod_southeastasia_prod-s01-065-apac-southeastasia;migrationStage=NotStarted}
